*****************************************°æ2022-05-21 08:41:47°ø*****************************************
Ip£∫::1°£œÏ”¶£∫2138∫¡√Î°£«Î«Û£∫/
*****************************************°æ2022-05-21 08:42:11°ø*****************************************
Ip£∫::1°£œÏ”¶£∫155∫¡√Î°£«Î«Û£∫/
*****************************************°æ2022-05-21 08:48:29°ø*****************************************
Ip£∫::1°£œÏ”¶£∫575∫¡√Î°£«Î«Û£∫/Idea/RecordList
*****************************************°æ2022-05-21 08:51:35°ø*****************************************
Ip£∫::1°£œÏ”¶£∫161∫¡√Î°£«Î«Û£∫/
*****************************************°æ2022-05-21 08:52:01°ø*****************************************
Ip£∫::1°£œÏ”¶£∫281∫¡√Î°£«Î«Û£∫/Idea/SaveTheme
*****************************************°æ2022-05-21 08:52:03°ø*****************************************
Ip£∫::1°£œÏ”¶£∫349∫¡√Î°£«Î«Û£∫/Idea/GetTheme
*****************************************°æ2022-05-21 08:52:05°ø*****************************************
Ip£∫::1°£œÏ”¶£∫222∫¡√Î°£«Î«Û£∫/Idea/StartTheme
*****************************************°æ2022-05-21 08:52:07°ø*****************************************
Ip£∫::1°£œÏ”¶£∫244∫¡√Î°£«Î«Û£∫/Idea/GetIdeaTheme
*****************************************°æ2022-05-21 08:52:26°ø*****************************************
Ip£∫::1°£œÏ”¶£∫580∫¡√Î°£«Î«Û£∫/Idea/SaveIdeaTheme
*****************************************°æ2022-05-21 08:52:28°ø*****************************************
Ip£∫::1°£œÏ”¶£∫1828∫¡√Î°£«Î«Û£∫/Idea/GetTheme
*****************************************°æ2022-05-21 08:52:32°ø*****************************************
Ip£∫::1°£œÏ”¶£∫556∫¡√Î°£«Î«Û£∫/Idea/LikeIdeaTheme
*****************************************°æ2022-05-21 08:52:32°ø*****************************************
Ip£∫::1°£œÏ”¶£∫359∫¡√Î°£«Î«Û£∫/Idea/GetTheme
*****************************************°æ2022-05-21 08:52:33°ø*****************************************
Ip£∫::1°£œÏ”¶£∫424∫¡√Î°£«Î«Û£∫/Idea/LikeIdeaTheme
*****************************************°æ2022-05-21 08:52:34°ø*****************************************
Ip£∫::1°£œÏ”¶£∫370∫¡√Î°£«Î«Û£∫/Idea/GetTheme
*****************************************°æ2022-05-21 08:52:39°ø*****************************************
Ip£∫::1°£œÏ”¶£∫216∫¡√Î°£«Î«Û£∫/Idea/FinishTheme
*****************************************°æ2022-05-21 08:55:04°ø*****************************************
Ip£∫::1°£œÏ”¶£∫136∫¡√Î°£«Î«Û£∫/
*****************************************°æ2022-05-21 08:55:27°ø*****************************************
Ip£∫::1°£œÏ”¶£∫154∫¡√Î°£«Î«Û£∫/Idea/SaveTheme
*****************************************°æ2022-05-21 08:55:28°ø*****************************************
Ip£∫::1°£œÏ”¶£∫281∫¡√Î°£«Î«Û£∫/Idea/GetTheme
*****************************************°æ2022-05-21 08:55:31°ø*****************************************
Ip£∫::1°£œÏ”¶£∫224∫¡√Î°£«Î«Û£∫/Idea/StartTheme
*****************************************°æ2022-05-21 08:55:33°ø*****************************************
Ip£∫::1°£œÏ”¶£∫229∫¡√Î°£«Î«Û£∫/Idea/GetIdeaTheme
*****************************************°æ2022-05-21 08:55:51°ø*****************************************
Ip£∫::1°£œÏ”¶£∫1971∫¡√Î°£«Î«Û£∫/Idea/SaveIdeaTheme
*****************************************°æ2022-05-21 08:55:52°ø*****************************************
Ip£∫::1°£œÏ”¶£∫412∫¡√Î°£«Î«Û£∫/Idea/GetTheme
*****************************************°æ2022-05-21 08:55:55°ø*****************************************
Ip£∫::1°£œÏ”¶£∫1409∫¡√Î°£«Î«Û£∫/Idea/LikeIdeaTheme
*****************************************°æ2022-05-21 08:55:57°ø*****************************************
Ip£∫::1°£œÏ”¶£∫1187∫¡√Î°£«Î«Û£∫/Idea/GetTheme
*****************************************°æ2022-05-21 08:56:01°ø*****************************************
Ip£∫::1°£œÏ”¶£∫472∫¡√Î°£«Î«Û£∫/Idea/FinishTheme
*****************************************°æ2022-05-21 08:58:32°ø*****************************************
Ip£∫::1°£œÏ”¶£∫171∫¡√Î°£«Î«Û£∫/Idea/SaveTheme
*****************************************°æ2022-05-21 08:58:33°ø*****************************************
Ip£∫::1°£œÏ”¶£∫341∫¡√Î°£«Î«Û£∫/Idea/GetTheme
*****************************************°æ2022-05-21 08:58:35°ø*****************************************
Ip£∫::1°£œÏ”¶£∫234∫¡√Î°£«Î«Û£∫/Idea/StartTheme
*****************************************°æ2022-05-21 08:58:37°ø*****************************************
Ip£∫::1°£œÏ”¶£∫229∫¡√Î°£«Î«Û£∫/Idea/GetIdeaTheme
*****************************************°æ2022-05-21 08:58:44°ø*****************************************
Ip£∫::1°£œÏ”¶£∫620∫¡√Î°£«Î«Û£∫/Idea/SaveIdeaTheme
*****************************************°æ2022-05-21 08:58:45°ø*****************************************
Ip£∫::1°£œÏ”¶£∫345∫¡√Î°£«Î«Û£∫/Idea/GetTheme
*****************************************°æ2022-05-21 08:58:48°ø*****************************************
Ip£∫::1°£œÏ”¶£∫558∫¡√Î°£«Î«Û£∫/Idea/LikeIdeaTheme
*****************************************°æ2022-05-21 08:58:48°ø*****************************************
Ip£∫::1°£œÏ”¶£∫415∫¡√Î°£«Î«Û£∫/Idea/GetTheme
*****************************************°æ2022-05-21 08:58:50°ø*****************************************
Ip£∫::1°£œÏ”¶£∫218∫¡√Î°£«Î«Û£∫/Idea/FinishTheme
